mode: atomic
github.com/falseyair/tapio/cmd/tapio/main.go:9.13,10.38 1 0
github.com/falseyair/tapio/cmd/tapio/main.go:10.38,12.3 1 0
github.com/falseyair/tapio/cmd/tapio/check/check.go:31.13,35.2 3 0
github.com/falseyair/tapio/cmd/tapio/check/check.go:37.56,45.16 6 0
github.com/falseyair/tapio/cmd/tapio/check/check.go:45.16,48.3 2 0
github.com/falseyair/tapio/cmd/tapio/check/check.go:50.2,55.19 5 0
github.com/falseyair/tapio/cmd/tapio/check/check.go:55.19,57.3 1 0
github.com/falseyair/tapio/cmd/tapio/check/check.go:59.2,63.16 4 0
github.com/falseyair/tapio/cmd/tapio/check/check.go:63.16,66.3 2 0
github.com/falseyair/tapio/cmd/tapio/check/check.go:68.2,71.12 3 0
github.com/falseyair/tapio/cmd/tapio/root/root.go:22.22,24.2 1 0
github.com/falseyair/tapio/cmd/tapio/root/root.go:26.13,30.2 3 0
github.com/falseyair/tapio/internal/cli/check.go:45.13,49.2 3 0
github.com/falseyair/tapio/internal/cli/check.go:51.56,56.16 3 0
github.com/falseyair/tapio/internal/cli/check.go:56.16,58.3 1 0
github.com/falseyair/tapio/internal/cli/check.go:61.2,67.19 2 0
github.com/falseyair/tapio/internal/cli/check.go:67.19,69.3 1 0
github.com/falseyair/tapio/internal/cli/check.go:72.2,73.16 2 0
github.com/falseyair/tapio/internal/cli/check.go:73.16,75.3 1 0
github.com/falseyair/tapio/internal/cli/check.go:78.2,79.32 2 0
github.com/falseyair/tapio/internal/cli/prometheus.go:45.13,50.2 2 0
github.com/falseyair/tapio/internal/cli/prometheus.go:52.61,60.16 5 0
github.com/falseyair/tapio/internal/cli/prometheus.go:60.16,62.3 1 0
github.com/falseyair/tapio/internal/cli/prometheus.go:63.2,73.12 5 0
github.com/falseyair/tapio/internal/cli/prometheus.go:73.12,75.3 1 0
github.com/falseyair/tapio/internal/cli/prometheus.go:78.2,85.9 6 0
github.com/falseyair/tapio/internal/cli/prometheus.go:86.26,87.54 1 0
github.com/falseyair/tapio/internal/cli/prometheus.go:88.24,95.13 5 0
github.com/falseyair/tapio/internal/cli/root.go:23.22,25.2 1 0
github.com/falseyair/tapio/internal/cli/root.go:27.13,35.2 4 0
github.com/falseyair/tapio/internal/cli/version.go:12.47,16.3 3 0
github.com/falseyair/tapio/internal/cli/version.go:26.28,26.46 1 0
github.com/falseyair/tapio/internal/cli/version.go:27.28,27.48 1 0
github.com/falseyair/tapio/internal/cli/version.go:28.28,28.48 1 0
github.com/falseyair/tapio/internal/output/formatter.go:18.45,20.2 1 0
github.com/falseyair/tapio/internal/output/formatter.go:23.60,24.18 1 0
github.com/falseyair/tapio/internal/output/formatter.go:25.14,26.29 1 0
github.com/falseyair/tapio/internal/output/formatter.go:27.14,28.29 1 0
github.com/falseyair/tapio/internal/output/formatter.go:29.10,31.38 2 0
github.com/falseyair/tapio/internal/output/formatter.go:36.76,37.18 1 0
github.com/falseyair/tapio/internal/output/formatter.go:38.14,39.45 1 0
github.com/falseyair/tapio/internal/output/formatter.go:40.14,41.45 1 0
github.com/falseyair/tapio/internal/output/formatter.go:42.10,43.72 1 0
github.com/falseyair/tapio/internal/output/formatter.go:47.64,49.16 2 0
github.com/falseyair/tapio/internal/output/formatter.go:49.16,51.3 1 0
github.com/falseyair/tapio/internal/output/formatter.go:52.2,53.12 2 0
github.com/falseyair/tapio/internal/output/formatter.go:56.64,58.16 2 0
github.com/falseyair/tapio/internal/output/formatter.go:58.16,60.3 1 0
github.com/falseyair/tapio/internal/output/formatter.go:61.2,62.12 2 0
github.com/falseyair/tapio/internal/output/formatter.go:65.80,67.16 2 0
github.com/falseyair/tapio/internal/output/formatter.go:67.16,69.3 1 0
github.com/falseyair/tapio/internal/output/formatter.go:70.2,71.12 2 0
github.com/falseyair/tapio/internal/output/formatter.go:74.80,76.16 2 0
github.com/falseyair/tapio/internal/output/formatter.go:76.16,78.3 1 0
github.com/falseyair/tapio/internal/output/formatter.go:79.2,80.12 2 0
github.com/falseyair/tapio/internal/output/human.go:14.42,16.2 1 0
github.com/falseyair/tapio/internal/output/human.go:18.65,23.2 4 0
github.com/falseyair/tapio/internal/output/human.go:25.62,30.29 4 0
github.com/falseyair/tapio/internal/output/human.go:30.29,32.3 1 0
github.com/falseyair/tapio/internal/output/human.go:34.2,34.29 1 0
github.com/falseyair/tapio/internal/output/human.go:34.29,36.3 1 0
github.com/falseyair/tapio/internal/output/human.go:38.2,38.30 1 0
github.com/falseyair/tapio/internal/output/human.go:38.30,40.3 1 0
github.com/falseyair/tapio/internal/output/human.go:42.2,42.28 1 0
github.com/falseyair/tapio/internal/output/human.go:42.28,44.3 1 0
github.com/falseyair/tapio/internal/output/human.go:47.66,48.24 1 0
github.com/falseyair/tapio/internal/output/human.go:48.24,50.3 1 0
github.com/falseyair/tapio/internal/output/human.go:52.2,53.26 2 0
github.com/falseyair/tapio/internal/output/human.go:53.26,55.3 1 0
github.com/falseyair/tapio/internal/output/human.go:58.63,62.26 3 0
github.com/falseyair/tapio/internal/output/human.go:63.30,65.62 2 0
github.com/falseyair/tapio/internal/output/human.go:66.29,68.65 2 0
github.com/falseyair/tapio/internal/output/human.go:69.10,71.63 2 0
github.com/falseyair/tapio/internal/output/human.go:74.2,77.31 3 0
github.com/falseyair/tapio/internal/output/human.go:77.31,79.3 1 0
github.com/falseyair/tapio/internal/output/human.go:81.2,81.31 1 0
github.com/falseyair/tapio/internal/output/human.go:81.31,83.3 1 0
github.com/falseyair/tapio/internal/output/human.go:86.73,91.23 4 0
github.com/falseyair/tapio/internal/output/human.go:91.23,93.3 1 0
github.com/falseyair/tapio/internal/output/human.go:96.66,97.21 1 0
github.com/falseyair/tapio/internal/output/human.go:97.21,99.3 1 0
github.com/falseyair/tapio/internal/output/human.go:101.2,102.28 2 0
github.com/falseyair/tapio/internal/output/human.go:102.28,105.28 3 0
github.com/falseyair/tapio/internal/output/human.go:105.28,107.4 1 0
github.com/falseyair/tapio/internal/output/human.go:111.73,116.17 4 0
github.com/falseyair/tapio/internal/output/human.go:117.30,118.25 1 0
github.com/falseyair/tapio/internal/output/human.go:119.29,120.25 1 0
github.com/falseyair/tapio/internal/output/human.go:121.10,122.24 1 0
github.com/falseyair/tapio/pkg/output/output.go:18.20,20.2 1 0
github.com/falseyair/tapio/pkg/output/output.go:22.47,28.2 5 0
github.com/falseyair/tapio/pkg/output/output.go:30.32,31.22 1 0
github.com/falseyair/tapio/pkg/output/output.go:31.22,34.3 2 0
github.com/falseyair/tapio/pkg/output/output.go:37.42,41.2 3 0
github.com/falseyair/tapio/pkg/output/output.go:43.40,47.2 3 0
github.com/falseyair/tapio/pkg/output/output.go:49.42,53.2 3 0
github.com/falseyair/tapio/pkg/output/output.go:55.39,59.2 3 0
github.com/falseyair/tapio/pkg/output/output.go:61.30,63.2 1 0
github.com/falseyair/tapio/pkg/output/output.go:65.39,70.2 4 0
github.com/falseyair/tapio/pkg/output/output.go:72.60,79.32 3 0
github.com/falseyair/tapio/pkg/output/output.go:79.32,81.40 2 0
github.com/falseyair/tapio/pkg/output/output.go:81.40,83.4 1 0
github.com/falseyair/tapio/pkg/output/output.go:87.2,87.26 1 0
github.com/falseyair/tapio/pkg/output/output.go:87.26,90.3 2 0
github.com/falseyair/tapio/pkg/output/output.go:93.2,93.28 1 0
github.com/falseyair/tapio/pkg/output/output.go:93.28,95.39 2 0
github.com/falseyair/tapio/pkg/output/output.go:95.39,97.4 1 0
github.com/falseyair/tapio/pkg/output/output.go:100.2,100.15 1 0
github.com/falseyair/tapio/pkg/output/output.go:103.61,111.30 6 0
github.com/falseyair/tapio/pkg/output/output.go:112.28,114.21 2 0
github.com/falseyair/tapio/pkg/output/output.go:115.28,117.21 2 0
github.com/falseyair/tapio/pkg/output/output.go:118.29,120.21 2 0
github.com/falseyair/tapio/pkg/output/output.go:121.10,123.19 2 0
github.com/falseyair/tapio/pkg/output/output.go:126.2,131.26 5 0
github.com/falseyair/tapio/pkg/output/output.go:131.26,134.3 2 0
github.com/falseyair/tapio/pkg/output/output.go:136.2,136.40 1 0
github.com/falseyair/tapio/pkg/output/output.go:139.67,141.19 2 0
github.com/falseyair/tapio/pkg/output/output.go:142.28,143.41 1 0
github.com/falseyair/tapio/pkg/output/output.go:144.28,145.42 1 0
github.com/falseyair/tapio/pkg/output/output.go:146.29,147.39 1 0
github.com/falseyair/tapio/pkg/output/output.go:148.10,149.41 1 0
github.com/falseyair/tapio/pkg/output/output.go:152.2,158.3 2 0
github.com/falseyair/tapio/pkg/output/output.go:161.58,167.27 4 0
github.com/falseyair/tapio/pkg/output/output.go:167.27,169.21 2 0
github.com/falseyair/tapio/pkg/output/output.go:170.18,171.42 1 0
github.com/falseyair/tapio/pkg/output/output.go:172.39,173.43 1 0
github.com/falseyair/tapio/pkg/output/output.go:174.46,175.40 1 0
github.com/falseyair/tapio/pkg/output/output.go:176.11,177.42 1 0
github.com/falseyair/tapio/pkg/output/output.go:180.3,181.24 2 0
github.com/falseyair/tapio/pkg/output/output.go:181.24,183.4 1 0
github.com/falseyair/tapio/pkg/output/output.go:185.3,190.4 1 0
github.com/falseyair/tapio/pkg/output/output.go:194.50,198.24 3 0
github.com/falseyair/tapio/pkg/output/output.go:199.31,201.49 2 0
github.com/falseyair/tapio/pkg/output/output.go:202.30,204.52 2 0
github.com/falseyair/tapio/pkg/output/output.go:205.27,207.38 2 0
github.com/falseyair/tapio/pkg/output/output.go:210.2,211.26 2 0
github.com/falseyair/tapio/pkg/output/output.go:211.26,214.3 2 0
github.com/falseyair/tapio/pkg/output/output.go:217.45,218.21 1 0
github.com/falseyair/tapio/pkg/output/output.go:218.21,220.3 1 0
github.com/falseyair/tapio/pkg/output/output.go:220.8,220.26 1 0
github.com/falseyair/tapio/pkg/output/output.go:220.26,222.3 1 0
github.com/falseyair/tapio/pkg/output/output.go:222.8,222.29 1 0
github.com/falseyair/tapio/pkg/output/output.go:222.29,224.3 1 0
github.com/falseyair/tapio/pkg/output/output.go:225.2,226.33 2 0
github.com/falseyair/tapio/pkg/metrics/prometheus.go:42.97,115.2 4 10
github.com/falseyair/tapio/pkg/metrics/prometheus.go:118.48,129.33 2 10
github.com/falseyair/tapio/pkg/metrics/prometheus.go:129.33,131.3 1 70
github.com/falseyair/tapio/pkg/metrics/prometheus.go:133.2,133.63 1 10
github.com/falseyair/tapio/pkg/metrics/prometheus.go:137.71,139.15 2 7
github.com/falseyair/tapio/pkg/metrics/prometheus.go:139.15,142.3 2 7
github.com/falseyair/tapio/pkg/metrics/prometheus.go:145.2,147.16 3 7
github.com/falseyair/tapio/pkg/metrics/prometheus.go:147.16,149.3 1 1
github.com/falseyair/tapio/pkg/metrics/prometheus.go:152.2,155.12 3 6
github.com/falseyair/tapio/pkg/metrics/prometheus.go:159.77,168.42 4 8
github.com/falseyair/tapio/pkg/metrics/prometheus.go:168.42,177.54 5 8
github.com/falseyair/tapio/pkg/metrics/prometheus.go:177.54,179.4 1 5
github.com/falseyair/tapio/pkg/metrics/prometheus.go:181.3,181.27 1 8
github.com/falseyair/tapio/pkg/metrics/prometheus.go:182.31,184.77 2 3
github.com/falseyair/tapio/pkg/metrics/prometheus.go:185.30,187.76 2 4
github.com/falseyair/tapio/pkg/metrics/prometheus.go:188.11,189.43 1 1
github.com/falseyair/tapio/pkg/metrics/prometheus.go:191.3,191.40 1 8
github.com/falseyair/tapio/pkg/metrics/prometheus.go:195.2,195.47 1 8
github.com/falseyair/tapio/pkg/metrics/prometheus.go:195.47,196.26 1 5
github.com/falseyair/tapio/pkg/metrics/prometheus.go:196.26,200.4 2 5
github.com/falseyair/tapio/pkg/metrics/prometheus.go:205.81,210.42 3 7
github.com/falseyair/tapio/pkg/metrics/prometheus.go:210.42,211.32 1 4
github.com/falseyair/tapio/pkg/metrics/prometheus.go:211.32,221.4 5 2
github.com/falseyair/tapio/pkg/metrics/prometheus.go:225.56,226.18 1 12
github.com/falseyair/tapio/pkg/metrics/prometheus.go:227.29,228.11 1 2
github.com/falseyair/tapio/pkg/metrics/prometheus.go:229.29,230.11 1 5
github.com/falseyair/tapio/pkg/metrics/prometheus.go:231.30,232.11 1 4
github.com/falseyair/tapio/pkg/metrics/prometheus.go:233.10,234.11 1 1
github.com/falseyair/tapio/pkg/metrics/prometheus.go:239.68,249.73 3 1
github.com/falseyair/tapio/pkg/metrics/prometheus.go:249.73,253.3 3 0
github.com/falseyair/tapio/pkg/metrics/prometheus.go:256.2,256.71 1 1
github.com/falseyair/tapio/pkg/metrics/prometheus.go:256.71,265.3 3 0
github.com/falseyair/tapio/pkg/metrics/prometheus.go:267.2,272.39 4 1
github.com/falseyair/tapio/pkg/metrics/prometheus.go:276.96,283.45 4 1
github.com/falseyair/tapio/pkg/metrics/prometheus.go:283.45,285.3 1 0
github.com/falseyair/tapio/pkg/metrics/prometheus.go:285.8,287.3 1 1
github.com/falseyair/tapio/pkg/metrics/prometheus.go:289.2,289.6 1 1
github.com/falseyair/tapio/pkg/metrics/prometheus.go:289.6,290.10 1 2
github.com/falseyair/tapio/pkg/metrics/prometheus.go:291.21,293.10 2 1
github.com/falseyair/tapio/pkg/metrics/prometheus.go:294.19,295.47 1 1
github.com/falseyair/tapio/pkg/metrics/prometheus.go:295.47,297.5 1 0
github.com/falseyair/tapio/pkg/simple/checker.go:24.37,26.16 2 1
github.com/falseyair/tapio/pkg/simple/checker.go:26.16,28.3 1 0
github.com/falseyair/tapio/pkg/simple/checker.go:30.2,31.16 2 1
github.com/falseyair/tapio/pkg/simple/checker.go:31.16,33.3 1 0
github.com/falseyair/tapio/pkg/simple/checker.go:35.2,35.38 1 1
github.com/falseyair/tapio/pkg/simple/checker.go:39.99,41.33 2 3
github.com/falseyair/tapio/pkg/simple/checker.go:41.33,43.3 1 0
github.com/falseyair/tapio/pkg/simple/checker.go:45.2,46.16 2 3
github.com/falseyair/tapio/pkg/simple/checker.go:46.16,48.3 1 0
github.com/falseyair/tapio/pkg/simple/checker.go:51.2,51.24 1 3
github.com/falseyair/tapio/pkg/simple/checker.go:51.24,53.3 1 1
github.com/falseyair/tapio/pkg/simple/checker.go:55.2,60.22 2 3
github.com/falseyair/tapio/pkg/simple/checker.go:60.22,64.28 3 5
github.com/falseyair/tapio/pkg/simple/checker.go:65.30,66.32 1 2
github.com/falseyair/tapio/pkg/simple/checker.go:67.30,69.55 2 3
github.com/falseyair/tapio/pkg/simple/checker.go:70.31,72.55 2 0
github.com/falseyair/tapio/pkg/simple/checker.go:77.2,79.20 2 3
github.com/falseyair/tapio/pkg/simple/checker.go:83.61,94.26 2 5
github.com/falseyair/tapio/pkg/simple/checker.go:95.25,97.8 1 5
github.com/falseyair/tapio/pkg/simple/checker.go:99.27,101.19 1 0
github.com/falseyair/tapio/pkg/simple/checker.go:101.19,106.4 4 0
github.com/falseyair/tapio/pkg/simple/checker.go:106.9,112.4 4 0
github.com/falseyair/tapio/pkg/simple/checker.go:114.24,118.17 4 0
github.com/falseyair/tapio/pkg/simple/checker.go:120.25,124.17 4 0
github.com/falseyair/tapio/pkg/simple/checker.go:126.10,130.17 4 0
github.com/falseyair/tapio/pkg/simple/checker.go:134.2,134.46 1 5
github.com/falseyair/tapio/pkg/simple/checker.go:134.46,136.29 2 5
github.com/falseyair/tapio/pkg/simple/checker.go:136.29,140.4 3 3
github.com/falseyair/tapio/pkg/simple/checker.go:143.3,143.39 1 5
github.com/falseyair/tapio/pkg/simple/checker.go:143.39,150.41 4 3
github.com/falseyair/tapio/pkg/simple/checker.go:150.41,157.5 2 0
github.com/falseyair/tapio/pkg/simple/checker.go:161.2,161.16 1 5
github.com/falseyair/tapio/pkg/simple/checker.go:165.47,166.44 1 0
github.com/falseyair/tapio/pkg/simple/checker.go:166.44,167.53 1 0
github.com/falseyair/tapio/pkg/simple/checker.go:167.53,169.4 1 0
github.com/falseyair/tapio/pkg/simple/checker.go:171.2,171.14 1 0
github.com/falseyair/tapio/pkg/simple/checker.go:175.44,177.55 1 1
github.com/falseyair/tapio/pkg/simple/checker.go:177.55,179.3 1 0
github.com/falseyair/tapio/pkg/simple/checker.go:183.2,186.34 4 1
github.com/falseyair/tapio/pkg/simple/checker.go:189.98,192.9 2 3
github.com/falseyair/tapio/pkg/simple/checker.go:192.9,194.3 1 1
github.com/falseyair/tapio/pkg/simple/checker.go:196.2,197.16 2 3
github.com/falseyair/tapio/pkg/simple/checker.go:197.16,199.3 1 0
github.com/falseyair/tapio/pkg/simple/checker.go:201.2,201.27 1 3
github.com/falseyair/tapio/pkg/simple/checker.go:204.79,206.41 1 1
github.com/falseyair/tapio/pkg/simple/checker.go:206.41,209.23 3 0
github.com/falseyair/tapio/pkg/simple/checker.go:209.23,210.31 1 0
github.com/falseyair/tapio/pkg/simple/checker.go:210.31,212.10 2 0
github.com/falseyair/tapio/pkg/simple/checker.go:215.3,215.18 1 0
github.com/falseyair/tapio/pkg/simple/checker.go:219.2,220.22 2 1
github.com/falseyair/tapio/pkg/simple/checker.go:220.22,224.53 2 2
github.com/falseyair/tapio/pkg/simple/checker.go:224.53,226.4 1 1
github.com/falseyair/tapio/pkg/simple/checker.go:228.2,228.17 1 1
github.com/falseyair/tapio/pkg/simple/checker.go:231.67,232.26 1 0
github.com/falseyair/tapio/pkg/simple/checker.go:233.25,235.51 1 0
github.com/falseyair/tapio/pkg/simple/checker.go:235.51,236.90 1 0
github.com/falseyair/tapio/pkg/simple/checker.go:236.90,238.5 1 0
github.com/falseyair/tapio/pkg/simple/checker.go:240.3,240.74 1 0
github.com/falseyair/tapio/pkg/simple/checker.go:242.24,244.31 1 0
github.com/falseyair/tapio/pkg/simple/checker.go:244.31,246.4 1 0
github.com/falseyair/tapio/pkg/simple/checker.go:247.3,247.43 1 0
github.com/falseyair/tapio/pkg/simple/checker.go:249.27,250.19 1 0
github.com/falseyair/tapio/pkg/simple/checker.go:250.19,252.4 1 0
github.com/falseyair/tapio/pkg/simple/checker.go:253.3,253.67 1 0
github.com/falseyair/tapio/pkg/simple/checker.go:255.10,256.61 1 0
github.com/falseyair/tapio/pkg/simple/checker.go:260.81,263.35 2 3
github.com/falseyair/tapio/pkg/simple/checker.go:263.35,264.10 1 3
github.com/falseyair/tapio/pkg/simple/checker.go:265.57,271.6 1 3
github.com/falseyair/tapio/pkg/simple/checker.go:272.51,278.6 1 0
github.com/falseyair/tapio/pkg/simple/checker.go:282.2,282.14 1 3
github.com/falseyair/tapio/pkg/health/checker.go:18.46,22.2 1 1
github.com/falseyair/tapio/pkg/health/checker.go:24.81,35.16 3 0
github.com/falseyair/tapio/pkg/health/checker.go:35.16,37.3 1 0
github.com/falseyair/tapio/pkg/health/checker.go:40.2,42.28 2 0
github.com/falseyair/tapio/pkg/health/checker.go:42.28,46.14 3 0
github.com/falseyair/tapio/pkg/health/checker.go:46.14,54.4 2 0
github.com/falseyair/tapio/pkg/health/checker.go:56.3,63.55 5 0
github.com/falseyair/tapio/pkg/health/checker.go:63.55,66.4 2 0
github.com/falseyair/tapio/pkg/health/checker.go:66.9,68.77 1 0
github.com/falseyair/tapio/pkg/health/checker.go:68.77,75.5 2 0
github.com/falseyair/tapio/pkg/health/checker.go:75.10,75.64 1 0
github.com/falseyair/tapio/pkg/health/checker.go:75.64,81.41 2 0
github.com/falseyair/tapio/pkg/health/checker.go:81.41,83.6 1 0
github.com/falseyair/tapio/pkg/health/checker.go:87.4,87.34 1 0
github.com/falseyair/tapio/pkg/health/checker.go:87.34,93.5 1 0
github.com/falseyair/tapio/pkg/health/checker.go:98.2,101.40 3 0
github.com/falseyair/tapio/pkg/health/checker.go:101.40,103.40 2 0
github.com/falseyair/tapio/pkg/health/checker.go:103.40,105.4 1 0
github.com/falseyair/tapio/pkg/health/checker.go:105.9,105.46 1 0
github.com/falseyair/tapio/pkg/health/checker.go:105.46,107.4 1 0
github.com/falseyair/tapio/pkg/health/checker.go:111.2,111.17 1 0
github.com/falseyair/tapio/pkg/health/checker.go:111.17,113.3 1 0
github.com/falseyair/tapio/pkg/health/checker.go:113.8,113.23 1 0
github.com/falseyair/tapio/pkg/health/checker.go:113.23,115.3 1 0
github.com/falseyair/tapio/pkg/health/checker.go:115.8,115.34 1 0
github.com/falseyair/tapio/pkg/health/checker.go:115.34,122.3 2 0
github.com/falseyair/tapio/pkg/health/checker.go:124.2,124.20 1 0
github.com/falseyair/tapio/pkg/health/checker.go:127.91,130.21 2 0
github.com/falseyair/tapio/pkg/health/checker.go:130.21,133.3 1 0
github.com/falseyair/tapio/pkg/health/checker.go:135.2,135.75 1 0
github.com/falseyair/tapio/pkg/health/checker.go:138.57,150.46 2 0
github.com/falseyair/tapio/pkg/health/checker.go:150.46,154.30 3 0
github.com/falseyair/tapio/pkg/health/checker.go:154.30,156.4 1 0
github.com/falseyair/tapio/pkg/health/checker.go:156.9,156.40 1 0
github.com/falseyair/tapio/pkg/health/checker.go:156.40,158.4 1 0
github.com/falseyair/tapio/pkg/health/checker.go:160.3,160.15 1 0
github.com/falseyair/tapio/pkg/health/checker.go:160.15,162.4 1 0
github.com/falseyair/tapio/pkg/health/checker.go:166.2,166.50 1 0
github.com/falseyair/tapio/pkg/health/checker.go:166.50,167.84 1 0
github.com/falseyair/tapio/pkg/health/checker.go:167.84,169.4 1 0
github.com/falseyair/tapio/pkg/health/checker.go:172.2,172.15 1 0
